<?xml version="1.0" encoding="UTF-8"?>
<!-- Generated by org.testng.reporters.JUnitXMLReporter -->
<testsuite ignored="0" hostname="DESKTOP-ES3GOKR" failures="0" tests="3" name="Default test" time="93.07" errors="0" timestamp="2025-05-20T13:03:09 IST">
  <testcase classname="Automation.SmokeTestExecution.SmokeTestExecution" name="testProdEnvironment" time="31.986"/>
  <testcase classname="Automation.SmokeTestExecution.SmokeTestExecution" name="testUatEnvironment" time="32.166"/>
  <testcase classname="Automation.SmokeTestExecution.SmokeTestExecution" name="testTestEnvironment" time="17.262"/>
</testsuite> <!-- Default test -->
