<?xml version="1.0" encoding="UTF-8"?>
<!-- Generated by org.testng.reporters.JUnitXMLReporter -->
<testsuite ignored="0" hostname="DESKTOP-ES3GOKR" failures="0" tests="3" name="Test" time="73.526" errors="0" timestamp="2024-09-30T19:51:33 IST">
  <testcase classname="Automation.SmokeTestExecution.SmokeTestExecution" name="testProdEnvironment" time="33.398"/>
  <testcase classname="Automation.SmokeTestExecution.SmokeTestExecution" name="testUatEnvironment" time="19.539"/>
  <testcase classname="Automation.SmokeTestExecution.SmokeTestExecution" name="testTestEnvironment" time="14.622"/>
</testsuite> <!-- Test -->
