<?xml version="1.0" encoding="UTF-8"?>
<!-- Generated by org.testng.reporters.JUnitXMLReporter -->
<testsuite ignored="0" hostname="DESKTOP-ES3GOKR" failures="0" tests="3" name="Test" time="125.172" errors="0" timestamp="2025-05-26T10:14:06 IST">
  <testcase classname="Automation.SmokeTestExecution.SmokeTestExecution" name="testProdEnvironment" time="45.594"/>
  <testcase classname="Automation.SmokeTestExecution.SmokeTestExecution" name="testUatEnvironment" time="35.169"/>
  <testcase classname="Automation.SmokeTestExecution.SmokeTestExecution" name="testTestEnvironment" time="21.632"/>
</testsuite> <!-- Test -->
