<?xml version="1.0" encoding="UTF-8"?>
<testng-results ignored="0" total="3" passed="3" failed="0" skipped="0">
  <reporter-output>
  </reporter-output>
  <suite started-at="2025-05-27T10:14:28 IST" name="Suite" finished-at="2025-05-27T10:15:51 IST" duration-ms="83035">
    <groups>
    </groups>
    <test started-at="2025-05-27T10:14:28 IST" name="Test" finished-at="2025-05-27T10:15:51 IST" duration-ms="83035">
      <class name="Automation.SmokeTestExecution.SmokeTestExecution">
        <test-method is-config="true" signature="setup()[pri:0, instance:Automation.SmokeTestExecution.SmokeTestExecution@682b2fa]" started-at="2025-05-27T10:14:27 IST" name="setup" finished-at="2025-05-27T10:14:28 IST" duration-ms="341" status="PASS">
          <reporter-output>
          </reporter-output>
        </test-method> <!-- setup -->
        <test-method is-config="true" signature="ChromeInstant()[pri:0, instance:Automation.SmokeTestExecution.SmokeTestExecution@682b2fa]" started-at="2025-05-27T10:14:28 IST" name="ChromeInstant" finished-at="2025-05-27T10:14:31 IST" duration-ms="3162" status="PASS">
          <reporter-output>
          </reporter-output>
        </test-method> <!-- ChromeInstant -->
        <test-method signature="testProdEnvironment()[pri:1, instance:Automation.SmokeTestExecution.SmokeTestExecution@682b2fa]" started-at="2025-05-27T10:14:31 IST" name="testProdEnvironment" finished-at="2025-05-27T10:15:01 IST" duration-ms="30058" status="PASS">
          <reporter-output>
          </reporter-output>
        </test-method> <!-- testProdEnvironment -->
        <test-method is-config="true" signature="teardown()[pri:0, instance:Automation.SmokeTestExecution.SmokeTestExecution@682b2fa]" started-at="2025-05-27T10:15:01 IST" name="teardown" finished-at="2025-05-27T10:15:01 IST" duration-ms="478" status="PASS">
          <reporter-output>
          </reporter-output>
        </test-method> <!-- teardown -->
        <test-method is-config="true" signature="ChromeInstant()[pri:0, instance:Automation.SmokeTestExecution.SmokeTestExecution@682b2fa]" started-at="2025-05-27T10:15:01 IST" name="ChromeInstant" finished-at="2025-05-27T10:15:04 IST" duration-ms="2356" status="PASS">
          <reporter-output>
          </reporter-output>
        </test-method> <!-- ChromeInstant -->
        <test-method signature="testUatEnvironment()[pri:2, instance:Automation.SmokeTestExecution.SmokeTestExecution@682b2fa]" started-at="2025-05-27T10:15:04 IST" name="testUatEnvironment" finished-at="2025-05-27T10:15:30 IST" duration-ms="25869" status="PASS">
          <reporter-output>
          </reporter-output>
        </test-method> <!-- testUatEnvironment -->
        <test-method is-config="true" signature="teardown()[pri:0, instance:Automation.SmokeTestExecution.SmokeTestExecution@682b2fa]" started-at="2025-05-27T10:15:30 IST" name="teardown" finished-at="2025-05-27T10:15:30 IST" duration-ms="416" status="PASS">
          <reporter-output>
          </reporter-output>
        </test-method> <!-- teardown -->
        <test-method is-config="true" signature="ChromeInstant()[pri:0, instance:Automation.SmokeTestExecution.SmokeTestExecution@682b2fa]" started-at="2025-05-27T10:15:30 IST" name="ChromeInstant" finished-at="2025-05-27T10:15:33 IST" duration-ms="2412" status="PASS">
          <reporter-output>
          </reporter-output>
        </test-method> <!-- ChromeInstant -->
        <test-method signature="testTestEnvironment()[pri:3, instance:Automation.SmokeTestExecution.SmokeTestExecution@682b2fa]" started-at="2025-05-27T10:15:33 IST" name="testTestEnvironment" finished-at="2025-05-27T10:15:50 IST" duration-ms="17791" status="PASS">
          <reporter-output>
          </reporter-output>
        </test-method> <!-- testTestEnvironment -->
        <test-method is-config="true" signature="teardown()[pri:0, instance:Automation.SmokeTestExecution.SmokeTestExecution@682b2fa]" started-at="2025-05-27T10:15:50 IST" name="teardown" finished-at="2025-05-27T10:15:51 IST" duration-ms="452" status="PASS">
          <reporter-output>
          </reporter-output>
        </test-method> <!-- teardown -->
        <test-method is-config="true" signature="flush()[pri:0, instance:Automation.SmokeTestExecution.SmokeTestExecution@682b2fa]" started-at="2025-05-27T10:15:51 IST" name="flush" finished-at="2025-05-27T10:15:51 IST" duration-ms="486" status="PASS">
          <reporter-output>
          </reporter-output>
        </test-method> <!-- flush -->
      </class> <!-- Automation.SmokeTestExecution.SmokeTestExecution -->
    </test> <!-- Test -->
  </suite> <!-- Suite -->
</testng-results>
