<?xml version="1.0" encoding="UTF-8"?>
<testng-results ignored="0" total="3" passed="3" failed="0" skipped="0">
  <reporter-output>
  </reporter-output>
  <suite started-at="2025-05-26T10:12:01 IST" name="Suite" finished-at="2025-05-26T10:14:06 IST" duration-ms="125172">
    <groups>
    </groups>
    <test started-at="2025-05-26T10:12:01 IST" name="Test" finished-at="2025-05-26T10:14:06 IST" duration-ms="125172">
      <class name="Automation.SmokeTestExecution.SmokeTestExecution">
        <test-method is-config="true" signature="setup()[pri:0, instance:Automation.SmokeTestExecution.SmokeTestExecution@682b2fa]" started-at="2025-05-26T10:11:59 IST" name="setup" finished-at="2025-05-26T10:12:01 IST" duration-ms="1034" status="PASS">
          <reporter-output>
          </reporter-output>
        </test-method> <!-- setup -->
        <test-method is-config="true" signature="ChromeInstant()[pri:0, instance:Automation.SmokeTestExecution.SmokeTestExecution@682b2fa]" started-at="2025-05-26T10:12:01 IST" name="ChromeInstant" finished-at="2025-05-26T10:12:10 IST" duration-ms="9036" status="PASS">
          <reporter-output>
          </reporter-output>
        </test-method> <!-- ChromeInstant -->
        <test-method signature="testProdEnvironment()[pri:1, instance:Automation.SmokeTestExecution.SmokeTestExecution@682b2fa]" started-at="2025-05-26T10:12:10 IST" name="testProdEnvironment" finished-at="2025-05-26T10:12:55 IST" duration-ms="45594" status="PASS">
          <reporter-output>
          </reporter-output>
        </test-method> <!-- testProdEnvironment -->
        <test-method is-config="true" signature="teardown()[pri:0, instance:Automation.SmokeTestExecution.SmokeTestExecution@682b2fa]" started-at="2025-05-26T10:12:55 IST" name="teardown" finished-at="2025-05-26T10:12:57 IST" duration-ms="1442" status="PASS">
          <reporter-output>
          </reporter-output>
        </test-method> <!-- teardown -->
        <test-method is-config="true" signature="ChromeInstant()[pri:0, instance:Automation.SmokeTestExecution.SmokeTestExecution@682b2fa]" started-at="2025-05-26T10:12:57 IST" name="ChromeInstant" finished-at="2025-05-26T10:13:01 IST" duration-ms="4831" status="PASS">
          <reporter-output>
          </reporter-output>
        </test-method> <!-- ChromeInstant -->
        <test-method signature="testUatEnvironment()[pri:2, instance:Automation.SmokeTestExecution.SmokeTestExecution@682b2fa]" started-at="2025-05-26T10:13:01 IST" name="testUatEnvironment" finished-at="2025-05-26T10:13:37 IST" duration-ms="35169" status="PASS">
          <reporter-output>
          </reporter-output>
        </test-method> <!-- testUatEnvironment -->
        <test-method is-config="true" signature="teardown()[pri:0, instance:Automation.SmokeTestExecution.SmokeTestExecution@682b2fa]" started-at="2025-05-26T10:13:37 IST" name="teardown" finished-at="2025-05-26T10:13:39 IST" duration-ms="2191" status="PASS">
          <reporter-output>
          </reporter-output>
        </test-method> <!-- teardown -->
        <test-method is-config="true" signature="ChromeInstant()[pri:0, instance:Automation.SmokeTestExecution.SmokeTestExecution@682b2fa]" started-at="2025-05-26T10:13:39 IST" name="ChromeInstant" finished-at="2025-05-26T10:13:43 IST" duration-ms="3876" status="PASS">
          <reporter-output>
          </reporter-output>
        </test-method> <!-- ChromeInstant -->
        <test-method signature="testTestEnvironment()[pri:3, instance:Automation.SmokeTestExecution.SmokeTestExecution@682b2fa]" started-at="2025-05-26T10:13:43 IST" name="testTestEnvironment" finished-at="2025-05-26T10:14:04 IST" duration-ms="21632" status="PASS">
          <reporter-output>
          </reporter-output>
        </test-method> <!-- testTestEnvironment -->
        <test-method is-config="true" signature="teardown()[pri:0, instance:Automation.SmokeTestExecution.SmokeTestExecution@682b2fa]" started-at="2025-05-26T10:14:04 IST" name="teardown" finished-at="2025-05-26T10:14:06 IST" duration-ms="1326" status="PASS">
          <reporter-output>
          </reporter-output>
        </test-method> <!-- teardown -->
        <test-method is-config="true" signature="flush()[pri:0, instance:Automation.SmokeTestExecution.SmokeTestExecution@682b2fa]" started-at="2025-05-26T10:14:06 IST" name="flush" finished-at="2025-05-26T10:14:07 IST" duration-ms="912" status="PASS">
          <reporter-output>
          </reporter-output>
        </test-method> <!-- flush -->
      </class> <!-- Automation.SmokeTestExecution.SmokeTestExecution -->
    </test> <!-- Test -->
  </suite> <!-- Suite -->
</testng-results>
