<?xml version="1.0" encoding="UTF-8"?>
<testng-results ignored="0" total="3" passed="3" failed="0" skipped="0">
  <reporter-output>
  </reporter-output>
  <suite started-at="2025-05-20T13:01:36 IST" name="Default suite" finished-at="2025-05-20T13:03:09 IST" duration-ms="93070">
    <groups>
    </groups>
    <test started-at="2025-05-20T13:01:36 IST" name="Default test" finished-at="2025-05-20T13:03:09 IST" duration-ms="93070">
      <class name="Automation.SmokeTestExecution.SmokeTestExecution">
        <test-method is-config="true" signature="setup()[pri:0, instance:Automation.SmokeTestExecution.SmokeTestExecution@117e949d]" started-at="2025-05-20T13:01:35 IST" name="setup" finished-at="2025-05-20T13:01:36 IST" duration-ms="379" status="PASS">
          <reporter-output>
          </reporter-output>
        </test-method> <!-- setup -->
        <test-method is-config="true" signature="ChromeInstant()[pri:0, instance:Automation.SmokeTestExecution.SmokeTestExecution@117e949d]" started-at="2025-05-20T13:01:36 IST" name="ChromeInstant" finished-at="2025-05-20T13:01:40 IST" duration-ms="4013" status="PASS">
          <reporter-output>
          </reporter-output>
        </test-method> <!-- ChromeInstant -->
        <test-method signature="testProdEnvironment()[pri:1, instance:Automation.SmokeTestExecution.SmokeTestExecution@117e949d]" started-at="2025-05-20T13:01:40 IST" name="testProdEnvironment" finished-at="2025-05-20T13:02:12 IST" duration-ms="31986" status="PASS">
          <reporter-output>
          </reporter-output>
        </test-method> <!-- testProdEnvironment -->
        <test-method is-config="true" signature="teardown()[pri:0, instance:Automation.SmokeTestExecution.SmokeTestExecution@117e949d]" started-at="2025-05-20T13:02:12 IST" name="teardown" finished-at="2025-05-20T13:02:13 IST" duration-ms="604" status="PASS">
          <reporter-output>
          </reporter-output>
        </test-method> <!-- teardown -->
        <test-method is-config="true" signature="ChromeInstant()[pri:0, instance:Automation.SmokeTestExecution.SmokeTestExecution@117e949d]" started-at="2025-05-20T13:02:13 IST" name="ChromeInstant" finished-at="2025-05-20T13:02:15 IST" duration-ms="2354" status="PASS">
          <reporter-output>
          </reporter-output>
        </test-method> <!-- ChromeInstant -->
        <test-method signature="testUatEnvironment()[pri:2, instance:Automation.SmokeTestExecution.SmokeTestExecution@117e949d]" started-at="2025-05-20T13:02:15 IST" name="testUatEnvironment" finished-at="2025-05-20T13:02:47 IST" duration-ms="32166" status="PASS">
          <reporter-output>
          </reporter-output>
        </test-method> <!-- testUatEnvironment -->
        <test-method is-config="true" signature="teardown()[pri:0, instance:Automation.SmokeTestExecution.SmokeTestExecution@117e949d]" started-at="2025-05-20T13:02:47 IST" name="teardown" finished-at="2025-05-20T13:02:48 IST" duration-ms="499" status="PASS">
          <reporter-output>
          </reporter-output>
        </test-method> <!-- teardown -->
        <test-method is-config="true" signature="ChromeInstant()[pri:0, instance:Automation.SmokeTestExecution.SmokeTestExecution@117e949d]" started-at="2025-05-20T13:02:48 IST" name="ChromeInstant" finished-at="2025-05-20T13:02:50 IST" duration-ms="2411" status="PASS">
          <reporter-output>
          </reporter-output>
        </test-method> <!-- ChromeInstant -->
        <test-method signature="testTestEnvironment()[pri:3, instance:Automation.SmokeTestExecution.SmokeTestExecution@117e949d]" started-at="2025-05-20T13:02:50 IST" name="testTestEnvironment" finished-at="2025-05-20T13:03:07 IST" duration-ms="17262" status="PASS">
          <reporter-output>
          </reporter-output>
        </test-method> <!-- testTestEnvironment -->
        <test-method is-config="true" signature="teardown()[pri:0, instance:Automation.SmokeTestExecution.SmokeTestExecution@117e949d]" started-at="2025-05-20T13:03:07 IST" name="teardown" finished-at="2025-05-20T13:03:09 IST" duration-ms="1728" status="PASS">
          <reporter-output>
          </reporter-output>
        </test-method> <!-- teardown -->
        <test-method is-config="true" signature="flush()[pri:0, instance:Automation.SmokeTestExecution.SmokeTestExecution@117e949d]" started-at="2025-05-20T13:03:09 IST" name="flush" finished-at="2025-05-20T13:03:10 IST" duration-ms="588" status="PASS">
          <reporter-output>
          </reporter-output>
        </test-method> <!-- flush -->
      </class> <!-- Automation.SmokeTestExecution.SmokeTestExecution -->
    </test> <!-- Default test -->
  </suite> <!-- Default suite -->
</testng-results>
